#
# A fatal error has been detected by the Java Runtime Environment:
#
#  EXCEPTION_ACCESS_VIOLATION (0xc0000005) at pc=0x00007ffdb2fcc58e, pid=11672, tid=16208
#
# JRE version:  (21.0.7+8) (build )
# Java VM: Java HotSpot(TM) 64-Bit Server VM (21.0.7+8-LTS-245, mixed mode, sharing, tiered, compressed oops, compressed class ptrs, g1 gc, windows-amd64)
# Problematic frame:
# V  [jvm.dll+0x30c58e]
#
# No core dump will be written. Minidumps are not enabled by default on client versions of Windows
#
#

---------------  S U M M A R Y ------------

Command Line: C:\Program Files\Audiveris\app\audiveris.jar -help

Host: Intel(R) Core(TM) i5-6200U CPU @ 2.30GHz, 4 cores, 7G,  Windows 10 , 64 bit Build 19041 (10.0.19041.5915)
Time: Tue Oct 21 14:41:15 2025  Windows 10 , 64 bit Build 19041 (10.0.19041.5915) elapsed time: 0.100286 seconds (0d 0h 0m 0s)

---------------  T H R E A D  ---------------

Current thread (0x00000223af1a5e70):  JavaThread "Unknown thread" [_thread_in_vm, id=16208, stack(0x000000fb2da00000,0x000000fb2db00000) (1024K)]

Stack: [0x000000fb2da00000,0x000000fb2db00000],  sp=0x000000fb2daff440,  free space=1021k
Native frames: (J=compiled Java code, j=interpreted, Vv=VM code, C=native code)
V  [jvm.dll+0x30c58e]
V  [jvm.dll+0x30ced8]
V  [jvm.dll+0x675369]
V  [jvm.dll+0x675599]
V  [jvm.dll+0x674951]
V  [jvm.dll+0x670108]
V  [jvm.dll+0x81eb45]
V  [jvm.dll+0x3bb211]
V  [jvm.dll+0x807d78]
V  [jvm.dll+0x4503ee]
V  [jvm.dll+0x451fe1]
C  [jli.dll+0x52a3]
C  [ucrtbase.dll+0x21bb2]
C  [KERNEL32.DLL+0x17374]
C  [ntdll.dll+0x4cc91]


siginfo: EXCEPTION_ACCESS_VIOLATION (0xc0000005), reading address 0x0000000000000000


Registers:
RAX=0x0000a2e3150b4282, RBX=0x0000000000000000, RCX=0x0000000000000000, RDX=0x0000000000000001
RSP=0x000000fb2daff440, RBP=0x0000000000000001, RSI=0x00000223c63b6070, RDI=0x00000223c4f27d70
R8 =0x0000000000000001, R9 =0x0000000000000001, R10=0x0000000000000000, R11=0x0000000000000246
R12=0x0000000000000000, R13=0x00000223af18e0d0, R14=0x0000000000000001, R15=0x00000223c6000000
RIP=0x00007ffdb2fcc58e, EFLAGS=0x0000000000010246


Top of Stack: (sp=0x000000fb2daff440)
0x000000fb2daff440:   0000000800c90000 00000223c6000000
0x000000fb2daff450:   00000223c6c90000 0000021bc6000000
0x000000fb2daff460:   00000223c6000000 0000000000000001
0x000000fb2daff470:   000000fb2daff580 0000000000000000
0x000000fb2daff480:   0000a2e3150b4572 0000021bc6000000
0x000000fb2daff490:   0000a2e3150b4282 000000fb2daff6d0
0x000000fb2daff4a0:   00000223c4f27d70 00007ffdb2fcced8
0x000000fb2daff4b0:   00000223c6000000 0000000000000000
0x000000fb2daff4c0:   0000000000000000 0000000000000000
0x000000fb2daff4d0:   00000223c6000000 0000000001000000
0x000000fb2daff4e0:   0000000000000000 0000000000010000
0x000000fb2daff4f0:   0000000000001000 ffffffffc4f43a00
0x000000fb2daff500:   00000223c4f27d00 0000000000000218
0x000000fb2daff510:   0000a2e3150b4272 0000000000000000
0x000000fb2daff520:   0000000000000000 00007ffdb3347510
0x000000fb2daff530:   0000000000000000 00000223c4f27d70
0x000000fb2daff540:   000000fb2daff6d0 00007ffdb3335369
0x000000fb2daff550:   0000000000000002 00007ffdb388a370
0x000000fb2daff560:   00000223c4f27d70 00000223c4f27d70
0x000000fb2daff570:   000000fb2daff580 0000000000001000
0x000000fb2daff580:   00000223c6000000 0000000001000000
0x000000fb2daff590:   0000000000000000 0000000000010000
0x000000fb2daff5a0:   0000000000001000 ffffffffc4f43a00
0x000000fb2daff5b0:   00000223c4f27d00 00000223c4f27d70
0x000000fb2daff5c0:   0000000000000000 00007ffdb3335599
0x000000fb2daff5d0:   0000000000000000 0000000001000000
0x000000fb2daff5e0:   00000223af20b190 0000000000000000
0x000000fb2daff5f0:   000000fb2daff600 000000fb2daff638
0x000000fb2daff600:   00000223c6000000 0000000001000000
0x000000fb2daff610:   0000000000000000 0000000000010000
0x000000fb2daff620:   0000000000001000 ffffffffc4f43a00
0x000000fb2daff630:   00000223c4f27d00 00000223c7000000 

Instructions: (pc=0x00007ffdb2fcc58e)
0x00007ffdb2fcc48e:   e8 8d 95 db ff 48 8b 05 86 98 90 00 48 85 c0 74
0x00007ffdb2fcc49e:   1b 44 0f b6 83 a9 01 00 00 48 8d 0d e2 2d 6c 00
0x00007ffdb2fcc4ae:   0f b6 93 a8 01 00 00 e8 d6 46 db ff 0f b6 05 0c
0x00007ffdb2fcc4be:   91 91 00 38 83 a8 01 00 00 75 67 0f b6 05 ea 20
0x00007ffdb2fcc4ce:   8b 00 38 83 a9 01 00 00 75 58 80 bb 01 03 00 00
0x00007ffdb2fcc4de:   00 75 1f 48 8b 05 38 98 90 00 c6 05 31 de 8b 00
0x00007ffdb2fcc4ee:   00 48 85 c0 74 0c 48 8d 0d 95 2e 6c 00 e8 90 46
0x00007ffdb2fcc4fe:   db ff 80 bb 02 03 00 00 00 75 1f 48 8b 05 10 98
0x00007ffdb2fcc50e:   90 00 c6 05 0a de 8b 00 00 48 85 c0 74 0c 48 8d
0x00007ffdb2fcc51e:   0d dd 2e 6c 00 e8 68 46 db ff b0 01 48 83 c4 20
0x00007ffdb2fcc52e:   5b c3 48 8b 05 e9 97 90 00 48 85 c0 74 0c 48 8d
0x00007ffdb2fcc53e:   0d ad 2d 6c 00 e8 48 46 db ff 32 c0 48 83 c4 20
0x00007ffdb2fcc54e:   5b c3 48 89 5c 24 10 48 89 6c 24 18 48 89 74 24
0x00007ffdb2fcc55e:   20 57 48 83 ec 60 48 8b 05 ad b4 8d 00 48 33 c4
0x00007ffdb2fcc56e:   48 89 44 24 50 80 3d 56 1b 8b 00 00 0f b6 ea 48
0x00007ffdb2fcc57e:   8b f1 74 17 80 39 00 75 12 48 8b 0d 3a de 90 00
0x00007ffdb2fcc58e:   48 8b 01 ff 50 20 48 8b d8 eb 08 48 8b 59 18 48
0x00007ffdb2fcc59e:   83 c3 04 48 8b 05 18 df 90 00 40 b7 01 48 85 c0
0x00007ffdb2fcc5ae:   74 0f 48 8b d3 48 8d 0d ee 16 6c 00 e8 c1 e5 f0
0x00007ffdb2fcc5be:   ff 48 8d 54 24 20 48 8b cb e8 94 cc 3b 00 85 c0
0x00007ffdb2fcc5ce:   74 28 40 84 ed 74 23 48 8b 05 4c 97 90 00 48 85
0x00007ffdb2fcc5de:   c0 74 47 48 8b d3 48 8d 0d e5 16 6c 00 e8 30 94
0x00007ffdb2fcc5ee:   db ff 40 32 ff e9 12 01 00 00 80 3e 02 75 33 48
0x00007ffdb2fcc5fe:   8b cb e8 ab 6d 3b 00 84 c0 0f 85 fd 00 00 00 48
0x00007ffdb2fcc60e:   8b 05 14 97 90 00 48 85 c0 74 0f 48 8b d3 48 8d
0x00007ffdb2fcc61e:   0d dd 16 6c 00 e8 f8 93 db ff 40 32 ff e9 da 00
0x00007ffdb2fcc62e:   00 00 48 8b 46 08 48 85 c0 74 07 48 3b 44 24 40
0x00007ffdb2fcc63e:   75 0f 48 63 44 24 34 48 39 46 10 0f 84 bb 00 00
0x00007ffdb2fcc64e:   00 48 8b 05 d2 96 90 00 40 32 ff 40 38 3d 6b 8f
0x00007ffdb2fcc65e:   91 00 74 2b 48 85 c0 0f 84 9f 00 00 00 48 8b 46
0x00007ffdb2fcc66e:   08 48 8d 15 aa 16 6c 00 48 3b 44 24 40 48 8d 0d
0x00007ffdb2fcc67e:   b6 16 6c 00 48 0f 45 ca e8 95 93 db ff eb 7d 48 



---------------  P R O C E S S  ---------------

Threads class SMR info:
_java_thread_list=0x00007ffdb388cc48, length=0, elements={
}

Java Threads: ( => current thread )
Total: 0

Other Threads:
  0x00000223b13c6db0 WorkerThread "GC Thread#0"                     [id=15312, stack(0x000000fb2db00000,0x000000fb2dc00000) (1024K)]
  0x00000223b13d93e0 ConcurrentGCThread "G1 Main Marker"            [id=20680, stack(0x000000fb2dc00000,0x000000fb2dd00000) (1024K)]
  0x00000223b13da680 WorkerThread "G1 Conc#0"                       [id=1352, stack(0x000000fb2dd00000,0x000000fb2de00000) (1024K)]
  0x00000223b143e530 ConcurrentGCThread "G1 Refine#0"               [id=15848, stack(0x000000fb2de00000,0x000000fb2df00000) (1024K)]
  0x00000223c4f2f120 ConcurrentGCThread "G1 Service"                [id=9412, stack(0x000000fb2df00000,0x000000fb2e000000) (1024K)]

=>0x00000223af1a5e70 (exited) JavaThread "Unknown thread"    [_thread_in_vm, id=16208, stack(0x000000fb2da00000,0x000000fb2db00000) (1024K)]
Total: 6

Threads with active compile tasks:
Total: 0

VM state: not at safepoint (not fully initialized)

VM Mutex/Monitor currently owned by a thread: None

Heap address: 0x0000000081c00000, size: 2020 MB, Compressed Oops mode: 32-bit

CDS archive(s) mapped at: [0x0000000000000000-0x0000000000000000-0x0000000000000000), size 0, SharedBaseAddress: 0x0000000800000000, ArchiveRelocationMode: 1.
Narrow klass base: 0x0000000000000000, Narrow klass shift: 0, Narrow klass range: 0x0

GC Precious Log:
 CardTable entry size: 512
 Card Set container configuration: InlinePtr #cards 5 size 8 Array Of Cards #cards 12 size 40 Howl #buckets 4 coarsen threshold 1843 Howl Bitmap #cards 512 size 80 coarsen threshold 460 Card regions per heap region 1 cards per card region 2048
 CPUs: 4 total, 4 available
 Memory: 8078M
 Large Page Support: Disabled
 NUMA Support: Disabled
 Compressed Oops: Enabled (32-bit)
 Heap Region Size: 1M
 Heap Min Capacity: 8M
 Heap Initial Capacity: 128M
 Heap Max Capacity: 2020M
 Pre-touch: Disabled
 Parallel Workers: 4
 Concurrent Workers: 1
 Concurrent Refinement Workers: 4
 Periodic GC: Disabled

Heap:
 garbage-first heap   total 131072K, used 0K [0x0000000081c00000, 0x0000000100000000)
  region size 1024K, 0 young (0K), 0 survivors (0K)

[error occurred during error reporting (printing heap information), id 0xc0000005, EXCEPTION_ACCESS_VIOLATION (0xc0000005) at pc=0x00007ffdb33e3e79]
GC Heap History (0 events):
No events

Dll operation events (1 events):
Event: 0.020 Loaded shared library C:\Program Files\Java\jdk-21\bin\java.dll

Deoptimization events (0 events):
No events

Classes loaded (0 events):
No events

Classes unloaded (0 events):
No events

Classes redefined (0 events):
No events

Internal exceptions (0 events):
No events

ZGC Phase Switch (0 events):
No events

VM Operations (0 events):
No events

Events (0 events):
No events


Dynamic libraries:
0x00007ff755830000 - 0x00007ff755840000 	C:\Program Files\Java\jdk-21\bin\java.exe
0x00007ffe76a30000 - 0x00007ffe76c28000 	C:\Windows\SYSTEM32\ntdll.dll
0x00007ffe76860000 - 0x00007ffe76922000 	C:\Windows\System32\KERNEL32.DLL
0x00007ffe740d0000 - 0x00007ffe743c6000 	C:\Windows\System32\KERNELBASE.dll
0x00007ffe6fa80000 - 0x00007ffe6fb14000 	C:\Windows\SYSTEM32\apphelp.dll
0x00007ffe74810000 - 0x00007ffe74910000 	C:\Windows\System32\ucrtbase.dll
0x00007ffe3ef60000 - 0x00007ffe3ef79000 	C:\Program Files\Java\jdk-21\bin\jli.dll
0x00007ffe75650000 - 0x00007ffe75701000 	C:\Windows\System32\ADVAPI32.dll
0x00007ffe767a0000 - 0x00007ffe7683e000 	C:\Windows\System32\msvcrt.dll
0x00007ffe75960000 - 0x00007ffe759ff000 	C:\Windows\System32\sechost.dll
0x00007ffe75a00000 - 0x00007ffe75b20000 	C:\Windows\System32\RPCRT4.dll
0x00007ffe74400000 - 0x00007ffe74427000 	C:\Windows\System32\bcrypt.dll
0x00007ffe75710000 - 0x00007ffe758ad000 	C:\Windows\System32\USER32.dll
0x00007ffe743d0000 - 0x00007ffe743f2000 	C:\Windows\System32\win32u.dll
0x00007ffe3ef40000 - 0x00007ffe3ef5b000 	C:\Program Files\Java\jdk-21\bin\VCRUNTIME140.dll
0x00007ffe74ba0000 - 0x00007ffe74bcb000 	C:\Windows\System32\GDI32.dll
0x00007ffe74430000 - 0x00007ffe74549000 	C:\Windows\System32\gdi32full.dll
0x00007ffe5eff0000 - 0x00007ffe5f28b000 	C:\Windows\WinSxS\amd64_microsoft.windows.common-controls_6595b64144ccf1df_6.0.19041.6280_none_60bc30a171f2f3f3\COMCTL32.dll
0x00007ffe749c0000 - 0x00007ffe74a5d000 	C:\Windows\System32\msvcp_win.dll
0x00007ffe6c590000 - 0x00007ffe6c59a000 	C:\Windows\SYSTEM32\VERSION.dll
0x00007ffe75550000 - 0x00007ffe7557f000 	C:\Windows\System32\IMM32.DLL
0x00007ffe702a0000 - 0x00007ffe702ac000 	C:\Program Files\Java\jdk-21\bin\vcruntime140_1.dll
0x00007ffe2cbf0000 - 0x00007ffe2cc7e000 	C:\Program Files\Java\jdk-21\bin\msvcp140.dll
0x00007ffdb2cc0000 - 0x00007ffdb39da000 	C:\Program Files\Java\jdk-21\bin\server\jvm.dll
0x00007ffe75580000 - 0x00007ffe755eb000 	C:\Windows\System32\WS2_32.dll
0x00007ffe73610000 - 0x00007ffe7365b000 	C:\Windows\SYSTEM32\POWRPROF.dll
0x00007ffe61370000 - 0x00007ffe61397000 	C:\Windows\SYSTEM32\WINMM.dll
0x00007ffe734d0000 - 0x00007ffe734e2000 	C:\Windows\SYSTEM32\UMPDC.dll
0x00007ffe71f50000 - 0x00007ffe71f62000 	C:\Windows\SYSTEM32\kernel.appcore.dll
0x00007ffe562e0000 - 0x00007ffe562ea000 	C:\Program Files\Java\jdk-21\bin\jimage.dll
0x00007ffe60840000 - 0x00007ffe60a41000 	C:\Windows\SYSTEM32\DBGHELP.DLL
0x00007ffe4e120000 - 0x00007ffe4e154000 	C:\Windows\SYSTEM32\dbgcore.DLL
0x00007ffe745d0000 - 0x00007ffe74652000 	C:\Windows\System32\bcryptPrimitives.dll
0x00007ffe3daf0000 - 0x00007ffe3db0f000 	C:\Program Files\Java\jdk-21\bin\java.dll

dbghelp: loaded successfully - version: 4.0.5 - missing functions: none
symbol engine: initialized successfully - sym options: 0x614 - pdb path: .;C:\Program Files\Java\jdk-21\bin;C:\Windows\SYSTEM32;C:\Windows\WinSxS\amd64_microsoft.windows.common-controls_6595b64144ccf1df_6.0.19041.6280_none_60bc30a171f2f3f3;C:\Program Files\Java\jdk-21\bin\server

VM Arguments:
java_command: C:\Program Files\Audiveris\app\audiveris.jar -help
java_class_path (initial): C:\Program Files\Audiveris\app\audiveris.jar
Launcher Type: SUN_STANDARD

[Global flags]
     intx CICompilerCount                          = 3                                         {product} {ergonomic}
     uint ConcGCThreads                            = 1                                         {product} {ergonomic}
     uint G1ConcRefinementThreads                  = 4                                         {product} {ergonomic}
   size_t G1HeapRegionSize                         = 1048576                                   {product} {ergonomic}
    uintx GCDrainStackTargetSize                   = 64                                        {product} {ergonomic}
   size_t InitialHeapSize                          = 134217728                                 {product} {ergonomic}
   size_t MarkStackSize                            = 4194304                                   {product} {ergonomic}
   size_t MaxHeapSize                              = 2118123520                                {product} {ergonomic}
   size_t MaxNewSize                               = 1270874112                                {product} {ergonomic}
   size_t MinHeapDeltaBytes                        = 1048576                                   {product} {ergonomic}
   size_t MinHeapSize                              = 8388608                                   {product} {ergonomic}
    uintx NonNMethodCodeHeapSize                   = 5832780                                {pd product} {ergonomic}
    uintx NonProfiledCodeHeapSize                  = 122912730                              {pd product} {ergonomic}
    uintx ProfiledCodeHeapSize                     = 122912730                              {pd product} {ergonomic}
    uintx ReservedCodeCacheSize                    = 251658240                              {pd product} {ergonomic}
     bool SegmentedCodeCache                       = true                                      {product} {ergonomic}
   size_t SoftMaxHeapSize                          = 2118123520                             {manageable} {ergonomic}
     bool UseCompressedOops                        = true                           {product lp64_product} {ergonomic}
     bool UseG1GC                                  = true                                      {product} {ergonomic}
     bool UseLargePagesIndividualAllocation        = false                                  {pd product} {ergonomic}

Logging:
Log output configuration:
 #0: stdout all=warning uptime,level,tags foldmultilines=false
 #1: stderr all=off uptime,level,tags foldmultilines=false

Environment Variables:
JAVA_HOME=C:\Program Files\Java\jdk-21
PATH=C:\Program Files\Java\jdk-21\bin;C:\Program Files\Common Files\Oracle\Java\javapath;C:\Windows\system32;C:\Windows;C:\Windows\System32\Wbem;C:\Windows\System32\WindowsPowerShell\v1.0\;C:\Windows\System32\OpenSSH\;C:\Program Files\NVIDIA Corporation\NVIDIA App\NvDLISR;C:\Program Files (x86)\NVIDIA Corporation\PhysX\Common;C:\Program Files\Bandizip\;C:\Program Files\nodejs\;C:\Program Files\Git\cmd;C:\Program Files\dotnet\;C:\Program Files\Microsoft SQL Server\150\Tools\Binn\;C:\Users\User\AppData\Local\Programs\Python\Python313\Scripts\;C:\Users\User\AppData\Local\Programs\Python\Python313\;C:\Users\User\AppData\Local\Microsoft\WindowsApps;C:\Users\User\AppData\Local\Programs\Microsoft VS Code\bin;C:\Users\User\AppData\Roaming\npm;C:\Users\User\AppData\Local\Programs\Python\Python313;C:\Users\User\.dotnet\tools;c:\Users\User\.vscode\extensions\ms-python.debugpy-2025.14.1-win32-x64\bundled\scripts\noConfigScripts
USERNAME=User
LANG=en_US.UTF-8
OS=Windows_NT
PROCESSOR_IDENTIFIER=Intel64 Family 6 Model 78 Stepping 3, GenuineIntel
TMP=C:\Users\User\AppData\Local\Temp
TEMP=C:\Users\User\AppData\Local\Temp




Periodic native trim disabled

---------------  S Y S T E M  ---------------

OS:
 Windows 10 , 64 bit Build 19041 (10.0.19041.5915)
OS uptime: 10 days 16:18 hours

CPU: total 4 (initial active 4) (2 cores per cpu, 2 threads per core) family 6 model 78 stepping 3 microcode 0xcc, cx8, cmov, fxsr, ht, mmx, 3dnowpref, sse, sse2, sse3, ssse3, sse4.1, sse4.2, popcnt, lzcnt, tsc, tscinvbit, avx, avx2, aes, erms, clmul, bmi1, bmi2, adx, fma, vzeroupper, clflush, clflushopt, rdtscp, f16c
Processor Information for processor 0
  Max Mhz: 2400, Current Mhz: 1500, Mhz Limit: 2280
Processor Information for processor 1
  Max Mhz: 2400, Current Mhz: 1500, Mhz Limit: 2280
Processor Information for processor 2
  Max Mhz: 2400, Current Mhz: 1500, Mhz Limit: 2280
Processor Information for processor 3
  Max Mhz: 2400, Current Mhz: 2300, Mhz Limit: 2280

Memory: 4k page, system-wide physical 8078M (822M free)
TotalPageFile size 17806M (AvailPageFile size 4626M)
current process WorkingSet (physical memory assigned to process): 24M, peak: 24M
current process commit charge ("private bytes"): 195M, peak: 195M

vm_info: Java HotSpot(TM) 64-Bit Server VM (21.0.7+8-LTS-245) for windows-amd64 JRE (21.0.7+8-LTS-245), built on 2025-02-21T05:11:27Z by "mach5one" with MS VC++ 17.6 (VS2022)

END.
